<?xml version="1.0" encoding="utf-8"?>
<TestRun id="7c33048b-32a0-40fa-948a-3295098b379f" name="TestUser@MACHINE 2026-02-24 12:43:21" runUser="MACHINE\TestUser">
  <Times creation="2026-02-24T12:43:21.6135401+00:00" queuing="2026-02-24T12:43:21.6135407+00:00" start="2026-02-24T12:43:20.6050264+00:00" finish="2026-02-24T12:43:51.6242029+00:00" />
  <TestSettings name="default" id="2365afb2-0e87-453b-a9d6-38d588c1fec1">
    <Deployment runDeploymentRoot="TestUser_MACHINE_2026-02-24_12_43_21" />
  </TestSettings>
  <Results>
    <UnitTestResult executionId="f24fe66a-5419-46ca-97b4-c56b3ae62c98" testId="7a151599-2d3d-22ce-3242-64d08511bd06" testName="TestAddress(&quot;20a Manor Gardens NE10 8UZ&quot;)" computerName="MACHINE" duration="00:00:02.7598610" startTime="2026-02-24T12:43:47.6247096+00:00" endTime="2026-02-24T12:43:50.3845700+00:00" testType="13cdc9d9-ddb5-4fa4-a97d-d965ccfc6d4b" outcome="Failed" testListId="8c84fa94-04c1-424b-9868-57a2d4851a1d" relativeResultsDirectory="f24fe66a-5419-46ca-97b4-c56b3ae62c98">
      <Output>
        <ErrorInfo>
          <Message>System.Exception : testing purposes</Message>
          <StackTrace>   at Tests.Addresses.TestAddress(String address) in /path/to/test.cs:line 42</StackTrace>
        </ErrorInfo>
      </Output>
      <ResultFiles>
      </ResultFiles>
    </UnitTestResult>
    <UnitTestResult executionId="a24fe66a-5419-46ca-97b4-c56b3ae62c99" testId="8a151599-2d3d-22ce-3242-64d08511bd07" testName="TestAddress(&quot;40 Acacia Dr S45 8DY&quot;)" computerName="MACHINE" duration="00:00:00.0001760" startTime="2026-02-24T12:43:45.4624521+00:00" endTime="2026-02-24T12:43:45.4626280+00:00" testType="13cdc9d9-ddb5-4fa4-a97d-d965ccfc6d4b" outcome="Passed" testListId="8c84fa94-04c1-424b-9868-57a2d4851a1d" relativeResultsDirectory="a24fe66a-5419-46ca-97b4-c56b3ae62c99" />
    <UnitTestResult executionId="b24fe66a-5419-46ca-97b4-c56b3ae62c9a" testId="9a151599-2d3d-22ce-3242-64d08511bd08" testName="TestAddress(&quot;8A Grinstead Rd SE8 5AD&quot;)" computerName="MACHINE" duration="00:00:00.0001760" startTime="2026-02-24T12:43:46.4624521+00:00" endTime="2026-02-24T12:43:46.4626280+00:00" testType="13cdc9d9-ddb5-4fa4-a97d-d965ccfc6d4b" outcome="Passed" testListId="8c84fa94-04c1-424b-9868-57a2d4851a1d" relativeResultsDirectory="b24fe66a-5419-46ca-97b4-c56b3ae62c9a" />
  </Results>
  <TestDefinitions>
    <UnitTest name="TestAddress(&quot;20a Manor Gardens NE10 8UZ&quot;)" storage="/path/to/test.dll" id="7a151599-2d3d-22ce-3242-64d08511bd06">
      <Execution id="f24fe66a-5419-46ca-97b4-c56b3ae62c98" />
      <TestMethod codeBase="/path/to/test.dll" adapterTypeName="executor://nunit3testexecutor/" className="Tests.Addresses" name="TestAddress(&quot;20a Manor Gardens NE10 8UZ&quot;)" />
    </UnitTest>
    <UnitTest name="TestAddress(&quot;40 Acacia Dr S45 8DY&quot;)" storage="/path/to/test.dll" id="8a151599-2d3d-22ce-3242-64d08511bd07">
      <Execution id="a24fe66a-5419-46ca-97b4-c56b3ae62c99" />
      <TestMethod codeBase="/path/to/test.dll" adapterTypeName="executor://nunit3testexecutor/" className="Tests.Addresses" name="TestAddress(&quot;40 Acacia Dr S45 8DY&quot;)" />
    </UnitTest>
    <UnitTest name="TestAddress(&quot;8A Grinstead Rd SE8 5AD&quot;)" storage="/path/to/test.dll" id="9a151599-2d3d-22ce-3242-64d08511bd08">
      <Execution id="b24fe66a-5419-46ca-97b4-c56b3ae62c9a" />
      <TestMethod codeBase="/path/to/test.dll" adapterTypeName="executor://nunit3testexecutor/" className="Tests.Addresses" name="TestAddress(&quot;8A Grinstead Rd SE8 5AD&quot;)" />
    </UnitTest>
  </TestDefinitions>
  <TestEntries>
    <TestEntry testId="7a151599-2d3d-22ce-3242-64d08511bd06" executionId="f24fe66a-5419-46ca-97b4-c56b3ae62c98" testListId="8c84fa94-04c1-424b-9868-57a2d4851a1d" />
    <TestEntry testId="8a151599-2d3d-22ce-3242-64d08511bd07" executionId="a24fe66a-5419-46ca-97b4-c56b3ae62c99" testListId="8c84fa94-04c1-424b-9868-57a2d4851a1d" />
    <TestEntry testId="9a151599-2d3d-22ce-3242-64d08511bd08" executionId="b24fe66a-5419-46ca-97b4-c56b3ae62c9a" testListId="8c84fa94-04c1-424b-9868-57a2d4851a1d" />
  </TestEntries>
  <TestLists>
    <TestList name="Results Not in a List" id="8c84fa94-04c1-424b-9868-57a2d4851a1d" />
    <TestList name="All Loaded Results" id="19431567-8539-422a-85d7-44ee4e166bda" />
  </TestLists>
  <ResultSummary outcome="Failed">
    <Counters total="3" executed="3" passed="2" failed="1" error="0" timeout="0" aborted="0" inconclusive="0" passedButRunAborted="0" notRunnable="0" notExecuted="0" disconnected="0" warning="0" completed="0" inProgress="0" pending="0" />
    <Output>
      <StdOut>NUnit Adapter 4.2.0.0: Test execution started
Running all tests in /path/to/test.dll
   NUnit3TestExecutor discovered 3 of 3 NUnit test cases using Current Discovery mode, Non-Explicit run
NUnit Adapter 4.2.0.0: Test execution complete
</StdOut>
    </Output>
  </ResultSummary>
</TestRun>
