<?xml version="1.0" encoding="utf-8"?>
<TestRun id="a1b2c3d4-e5f6-47a8-9b0c-1d2e3f4a5b6c" name="Utilizador@DESKTOP-PD528C3 2026-02-24 12:43:47" runUser="DESKTOP-PD528C3\Utilizador">
  <Times creation="2026-02-24T12:43:47.6247096+00:00" queuing="2026-02-24T12:43:47.6247096+00:00" start="2026-02-24T12:43:46.6050264+00:00" finish="2026-02-24T12:43:50.3845700+00:00" />
  <TestSettings name="default" id="2365afb2-0e87-453b-a9d6-38d588c1fec1">
    <Deployment runDeploymentRoot="Utilizador_DESKTOP-PD528C3_2026-02-24_12_43_47" />
  </TestSettings>
  <Results>
    <UnitTestResult executionId="f24fe66a-5419-46ca-97b4-c56b3ae62c98" testId="7a151599-2d3d-22ce-3242-64d08511bd06" testName="TestAddress(&quot;20a Manor Gardens NE10 8UZ&quot;)" computerName="" duration="00:00:02.7598610" startTime="2026-02-24T12:43:47.6247096+00:00" endTime="2026-02-24T12:43:50.3845700+00:00" testType="13cdc9d9-ddb5-4fa4-a97d-d965ccfc6d4b" outcome="Failed" testListId="8c84fa94-04c1-424b-9868-57a2d4851a1d" relativeResultsDirectory="f24fe66a-5419-46ca-97b4-c56b3ae62c98">
      <Output>
        <ErrorInfo>
          <Message>System.Exception : testing purposes</Message>
          <StackTrace>stack trace</StackTrace>
        </ErrorInfo>
      </Output>
      <ResultFiles>
      </ResultFiles>
    </UnitTestResult>
  </Results>
  <TestDefinitions>
    <UnitTest name="TestAddress(&quot;20a Manor Gardens NE10 8UZ&quot;)" storage="c:\users\utilizador\riderprojects\testsolution\tests\bin\debug\net6.0\tests.dll" id="7a151599-2d3d-22ce-3242-64d08511bd06">
      <Execution id="f24fe66a-5419-46ca-97b4-c56b3ae62c98" />
      <TestMethod codeBase="C:\Users\Utilizador\RiderProjects\TestSolution\Tests\bin\Debug\net6.0\Tests.dll" adapterTypeName="executor://nunit3testexecutor/" className="Tests.Addresses" name="TestAddress(&quot;20a Manor Gardens NE10 8UZ&quot;)" />
    </UnitTest>
  </TestDefinitions>
  <TestEntries>
    <TestEntry testId="7a151599-2d3d-22ce-3242-64d08511bd06" executionId="f24fe66a-5419-46ca-97b4-c56b3ae62c98" testListId="8c84fa94-04c1-424b-9868-57a2d4851a1d" />
  </TestEntries>
  <TestLists>
    <TestList name="Results Not in a List" id="8c84fa94-04c1-424b-9868-57a2d4851a1d" />
    <TestList name="All Loaded Results" id="19431567-8539-422a-85d7-44ee4e166bda" />
  </TestLists>
  <ResultSummary outcome="Failed">
    <Counters total="1" executed="1" passed="0" failed="1" error="0" timeout="0" aborted="0" inconclusive="0" passedButRunAborted="0" notRunnable="0" notExecuted="0" disconnected="0" warning="0" completed="0" inProgress="0" pending="0" />
    <Output>
      <StdOut>NUnit Adapter 4.2.0.0: Test execution started
Running all tests in C:\Users\Utilizador\RiderProjects\TestSolution\Tests\bin\Debug\net6.0\Tests.dll
   NUnit3TestExecutor discovered 1 of 1 NUnit test cases using Current Discovery mode, Non-Explicit run
NUnit Adapter 4.2.0.0: Test execution complete
</StdOut>
    </Output>
  </ResultSummary>
</TestRun>
