<?xml version="1.0" encoding="utf-8"?>
<TestRun id="b48e84c5-cbe0-4ae7-a24e-a0dd7e23cd04" name="TestUser@TestMachine 2026-01-14 11:01:56" runUser="TestMachine\TestUser">
  <Times creation="2026-01-14T11:01:56.7448116+00:00" queuing="2026-01-14T11:01:56.7448122+00:00" start="2026-01-14T11:01:55.4428917+00:00" finish="2026-01-14T11:01:56.7593802+00:00" />
  <TestSettings name="default" id="5a98bf45-c30c-4d67-9732-a028a22c259c">
    <Deployment runDeploymentRoot="TestUser_TestMachine_2026-01-14_11_01_56" />
  </TestSettings>
  <Results>
    <UnitTestResult executionId="6adb8ef0-9e80-404a-849d-955014fd1425" testId="73cac9c4-fac5-0f2d-2b14-137e44c5fcad" testName="Tests1.TestClass.TestMethod1" computerName="TestMachine" duration="00:00:00.0000032" startTime="2026-01-14T11:01:56.6003570+00:00" endTime="2026-01-14T11:01:56.6003570+00:00" testType="13cdc9d9-ddb5-4fa4-a97d-d965ccfc6d4b" outcome="Passed" testListId="8c84fa94-04c1-424b-9868-57a2d4851a1d" relativeResultsDirectory="6adb8ef0-9e80-404a-849d-955014fd1425" />
  </Results>
  <TestDefinitions>
    <UnitTest name="Tests1.TestClass.TestMethod1" storage="c:\testpath\tests1\bin\debug\net8.0\tests1.dll" id="73cac9c4-fac5-0f2d-2b14-137e44c5fcad">
      <Execution id="6adb8ef0-9e80-404a-849d-955014fd1425" />
      <TestMethod codeBase="C:\TestPath\Tests1\bin\Debug\net8.0\Tests1.dll" adapterTypeName="executor://xunit/VsTestRunner2/netcoreapp" className="Tests1.TestClass" name="TestMethod1" />
    </UnitTest>
    <UnitTest name="Tests1.TestClass.TestMethod2" storage="c:\testpath\tests1\bin\debug\net8.0\tests1.dll" id="201e301e-7bae-61dc-65c2-dad143a8349d">
      <Execution id="e508b5f3-d034-4917-a488-60087b44ecd1" />
      <TestMethod codeBase="C:\TestPath\Tests1\bin\Debug\net8.0\Tests1.dll" adapterTypeName="executor://xunit/VsTestRunner2/netcoreapp" className="Tests1.TestClass" name="TestMethod2" />
    </UnitTest>
  </TestDefinitions>
  <TestEntries>
    <TestEntry testId="73cac9c4-fac5-0f2d-2b14-137e44c5fcad" executionId="6adb8ef0-9e80-404a-849d-955014fd1425" testListId="8c84fa94-04c1-424b-9868-57a2d4851a1d" />
    <TestEntry testId="201e301e-7bae-61dc-65c2-dad143a8349d" executionId="e508b5f3-d034-4917-a488-60087b44ecd1" testListId="8c84fa94-04c1-424b-9868-57a2d4851a1d" />
  </TestEntries>
  <TestLists>
    <TestList name="Results Not in a List" id="8c84fa94-04c1-424b-9868-57a2d4851a1d" />
    <TestList name="All Loaded Results" id="19431567-8539-422a-85d7-44ee4e166bda" />
  </TestLists>
  <ResultSummary outcome="Aborted">
    <Counters total="2" executed="1" passed="1" failed="0" error="0" timeout="0" aborted="1" inconclusive="0" passedButRunAborted="0" notRunnable="0" notExecuted="0" disconnected="0" warning="0" completed="0" inProgress="0" pending="0" />
    <Output>
      <StdOut>[xUnit.net 00:00:00.00] xUnit.net VSTest Adapter v2.4.3+1b45f5407b (64-bit .NET 8.0.14)
[xUnit.net 00:00:00.45]   Discovering: Tests1
[xUnit.net 00:00:00.50]   Discovered:  Tests1
[xUnit.net 00:00:00.51]   Starting:    Tests1
The active test run was aborted. Reason: Test host process crashed
Test Run Aborted.

The active Test Run was aborted because the host process exited unexpectedly.
The test running when the crash occurred: 
Tests1.TestClass.TestMethod2
</StdOut>
    </Output>
    <RunInfos>
      <RunInfo computerName="TestMachine" outcome="Error" timestamp="2026-01-14T11:01:56.6194546+00:00">
        <Text>Test host process crashed</Text>
      </RunInfo>
    </RunInfos>
  </ResultSummary>
</TestRun>
